{"D:\\Projects\\URL-Shortener\\frontend\\src\\components\\UrlShortenerForm.jsx": {"path":"D:\\Projects\\URL-Shortener\\frontend\\src\\components\\UrlShortenerForm.jsx","statementMap":{"0":{"start":{"line":6,"column":6},"end":{"line":168,"column":null}},"1":{"start":{"line":7,"column":22},"end":{"line":7,"column":52}},"2":{"start":{"line":8,"column":19},"end":{"line":8,"column":46}},"3":{"start":{"line":9,"column":18},"end":{"line":9,"column":47}},"4":{"start":{"line":10,"column":16},"end":{"line":10,"column":40}},"5":{"start":{"line":11,"column":17},"end":{"line":11,"column":45}},"6":{"start":{"line":13,"column":23},"end":{"line":33,"column":null}},"7":{"start":{"line":14,"column":4},"end":{"line":14,"column":null}},"8":{"start":{"line":15,"column":4},"end":{"line":15,"column":null}},"9":{"start":{"line":15,"column":22},"end":{"line":15,"column":null}},"10":{"start":{"line":17,"column":4},"end":{"line":17,"column":null}},"11":{"start":{"line":18,"column":4},"end":{"line":18,"column":null}},"12":{"start":{"line":19,"column":4},"end":{"line":19,"column":null}},"13":{"start":{"line":20,"column":4},"end":{"line":20,"column":null}},"14":{"start":{"line":22,"column":4},"end":{"line":33,"column":null}},"15":{"start":{"line":23,"column":19},"end":{"line":23,"column":63}},"16":{"start":{"line":24,"column":6},"end":{"line":27,"column":null}},"17":{"start":{"line":25,"column":8},"end":{"line":25,"column":null}},"18":{"start":{"line":27,"column":8},"end":{"line":27,"column":null}},"19":{"start":{"line":30,"column":6},"end":{"line":30,"column":null}},"20":{"start":{"line":31,"column":6},"end":{"line":31,"column":null}},"21":{"start":{"line":33,"column":6},"end":{"line":33,"column":null}},"22":{"start":{"line":37,"column":21},"end":{"line":43,"column":null}},"23":{"start":{"line":38,"column":4},"end":{"line":43,"column":null}},"24":{"start":{"line":39,"column":6},"end":{"line":39,"column":null}},"25":{"start":{"line":40,"column":6},"end":{"line":40,"column":null}},"26":{"start":{"line":41,"column":6},"end":{"line":41,"column":null}},"27":{"start":{"line":41,"column":23},"end":{"line":41,"column":39}},"28":{"start":{"line":43,"column":6},"end":{"line":43,"column":null}},"29":{"start":{"line":47,"column":2},"end":{"line":168,"column":null}},"30":{"start":{"line":54,"column":29},"end":{"line":54,"column":59}}},"fnMap":{"0":{"name":"(anonymous_0)","decl":{"start":{"line":6,"column":6},"end":{"line":6,"column":31}},"loc":{"start":{"line":6,"column":31},"end":{"line":168,"column":null}},"line":6},"1":{"name":"(anonymous_1)","decl":{"start":{"line":13,"column":23},"end":{"line":13,"column":30}},"loc":{"start":{"line":13,"column":36},"end":{"line":33,"column":null}},"line":13},"2":{"name":"(anonymous_2)","decl":{"start":{"line":37,"column":21},"end":{"line":37,"column":33}},"loc":{"start":{"line":37,"column":33},"end":{"line":43,"column":null}},"line":37},"3":{"name":"(anonymous_3)","decl":{"start":{"line":41,"column":6},"end":{"line":41,"column":23}},"loc":{"start":{"line":41,"column":23},"end":{"line":41,"column":39}},"line":41},"4":{"name":"(anonymous_4)","decl":{"start":{"line":54,"column":12},"end":{"line":54,"column":23}},"loc":{"start":{"line":54,"column":29},"end":{"line":54,"column":59}},"line":54}},"branchMap":{"0":{"loc":{"start":{"line":15,"column":4},"end":{"line":15,"column":null}},"type":"if","locations":[{"start":{"line":15,"column":4},"end":{"line":15,"column":null}},{"start":{},"end":{}}],"line":15},"1":{"loc":{"start":{"line":24,"column":6},"end":{"line":27,"column":null}},"type":"if","locations":[{"start":{"line":24,"column":6},"end":{"line":27,"column":null}},{"start":{"line":26,"column":13},"end":{"line":27,"column":null}}],"line":24},"2":{"loc":{"start":{"line":25,"column":20},"end":{"line":25,"column":86}},"type":"binary-expr","locations":[{"start":{"line":25,"column":20},"end":{"line":25,"column":37}},{"start":{"line":25,"column":37},"end":{"line":25,"column":86}}],"line":25},"3":{"loc":{"start":{"line":31,"column":15},"end":{"line":31,"column":131}},"type":"binary-expr","locations":[{"start":{"line":31,"column":15},"end":{"line":31,"column":46}},{"start":{"line":31,"column":46},"end":{"line":31,"column":61}},{"start":{"line":31,"column":61},"end":{"line":31,"column":131}}],"line":31},"4":{"loc":{"start":{"line":63,"column":14},"end":{"line":65,"column":null}},"type":"cond-expr","locations":[{"start":{"line":64,"column":18},"end":{"line":64,"column":null}},{"start":{"line":65,"column":18},"end":{"line":65,"column":null}}],"line":63},"5":{"loc":{"start":{"line":68,"column":13},"end":{"line":77,"column":null}},"type":"cond-expr","locations":[{"start":{"line":69,"column":14},"end":{"line":75,"column":null}},{"start":{"line":77,"column":14},"end":{"line":77,"column":null}}],"line":68},"6":{"loc":{"start":{"line":84,"column":7},"end":{"line":89,"column":null}},"type":"binary-expr","locations":[{"start":{"line":84,"column":7},"end":{"line":84,"column":null}},{"start":{"line":85,"column":8},"end":{"line":89,"column":null}}],"line":84},"7":{"loc":{"start":{"line":94,"column":7},"end":{"line":168,"column":null}},"type":"binary-expr","locations":[{"start":{"line":94,"column":7},"end":{"line":94,"column":null}},{"start":{"line":95,"column":8},"end":{"line":168,"column":null}}],"line":94},"8":{"loc":{"start":{"line":127,"column":16},"end":{"line":129,"column":null}},"type":"cond-expr","locations":[{"start":{"line":128,"column":20},"end":{"line":128,"column":null}},{"start":{"line":129,"column":20},"end":{"line":129,"column":null}}],"line":127},"9":{"loc":{"start":{"line":132,"column":15},"end":{"line":145,"column":null}},"type":"cond-expr","locations":[{"start":{"line":133,"column":16},"end":{"line":138,"column":null}},{"start":{"line":140,"column":16},"end":{"line":145,"column":null}}],"line":132}},"s":{"0":1,"1":19,"2":19,"3":19,"4":19,"5":19,"6":19,"7":4,"8":4,"9":0,"10":4,"11":4,"12":4,"13":4,"14":4,"15":4,"16":3,"17":2,"18":1,"19":2,"20":2,"21":4,"22":19,"23":1,"24":1,"25":1,"26":1,"27":0,"28":0,"29":19,"30":5},"f":{"0":19,"1":4,"2":1,"3":0,"4":5},"b":{"0":[0,4],"1":[2,1],"2":[2,0],"3":[2,1,0],"4":[4,15],"5":[4,15],"6":[19,1],"7":[19,3],"8":[1,2],"9":[1,2]},"meta":{"lastBranch":10,"lastFunction":5,"lastStatement":31,"seen":{"s:6:6:168:Infinity":0,"f:6:6:6:31":0,"s:7:22:7:52":1,"s:8:19:8:46":2,"s:9:18:9:47":3,"s:10:16:10:40":4,"s:11:17:11:45":5,"s:13:23:33:Infinity":6,"f:13:23:13:30":1,"s:14:4:14:Infinity":7,"b:15:4:15:Infinity:undefined:undefined:undefined:undefined":0,"s:15:4:15:Infinity":8,"s:15:22:15:Infinity":9,"s:17:4:17:Infinity":10,"s:18:4:18:Infinity":11,"s:19:4:19:Infinity":12,"s:20:4:20:Infinity":13,"s:22:4:33:Infinity":14,"s:23:19:23:63":15,"b:24:6:27:Infinity:26:13:27:Infinity":1,"s:24:6:27:Infinity":16,"s:25:8:25:Infinity":17,"b:25:20:25:37:25:37:25:86":2,"s:27:8:27:Infinity":18,"s:30:6:30:Infinity":19,"s:31:6:31:Infinity":20,"b:31:15:31:46:31:46:31:61:31:61:31:131":3,"s:33:6:33:Infinity":21,"s:37:21:43:Infinity":22,"f:37:21:37:33":2,"s:38:4:43:Infinity":23,"s:39:6:39:Infinity":24,"s:40:6:40:Infinity":25,"s:41:6:41:Infinity":26,"f:41:6:41:23":3,"s:41:23:41:39":27,"s:43:6:43:Infinity":28,"s:47:2:168:Infinity":29,"f:54:12:54:23":4,"s:54:29:54:59":30,"b:64:18:64:Infinity:65:18:65:Infinity":4,"b:69:14:75:Infinity:77:14:77:Infinity":5,"b:84:7:84:Infinity:85:8:89:Infinity":6,"b:94:7:94:Infinity:95:8:168:Infinity":7,"b:128:20:128:Infinity:129:20:129:Infinity":8,"b:133:16:138:Infinity:140:16:145:Infinity":9}}}
}
